{"level":"error","message":"\nInvalid `prisma.category.create()` invocation:\n\n\nUnique constraint failed on the constraint: `category_id`","target":"category.create","timestamp":"2025-09-27T09:52:28.444Z"}
{"level":"error","message":"\nInvalid `prisma.category.create()` invocation:\n\n\nUnique constraint failed on the constraint: `category_id`","timestamp":"2025-09-27T09:52:28.445Z"}
{"level":"error","message":"\nInvalid `prisma.category.create()` invocation:\n\n\nUnique constraint failed on the constraint: `category_id`","target":"category.create","timestamp":"2025-09-27T09:53:01.210Z"}
{"level":"error","message":"\nInvalid `prisma.category.create()` invocation:\n\n\nUnique constraint failed on the constraint: `category_id`","timestamp":"2025-09-27T09:53:01.211Z"}
{"level":"error","message":"\nInvalid `prisma.category.create()` invocation:\n\n\nUnique constraint failed on the constraint: `category_id`","target":"category.create","timestamp":"2025-09-27T09:53:45.888Z"}
{"level":"error","message":"\nInvalid `prisma.category.create()` invocation:\n\n\nUnique constraint failed on the constraint: `category_id`","timestamp":"2025-09-27T09:53:45.888Z"}
{"level":"error","message":"\nInvalid `prisma.category.create()` invocation:\n\n\nUnique constraint failed on the constraint: `category_id`","target":"category.create","timestamp":"2025-09-27T09:53:49.823Z"}
{"level":"error","message":"\nInvalid `prisma.category.create()` invocation:\n\n\nUnique constraint failed on the constraint: `category_id`","timestamp":"2025-09-27T09:53:49.824Z"}
{"level":"error","message":"\nInvalid `prisma.category.create()` invocation:\n\n\nUnique constraint failed on the constraint: `name`","target":"category.create","timestamp":"2025-09-27T09:54:05.038Z"}
{"level":"error","message":"\nInvalid `prisma.category.create()` invocation:\n\n\nUnique constraint failed on the constraint: `name`","timestamp":"2025-09-27T09:54:05.039Z"}
{"level":"error","message":"\nInvalid `prisma.category.create()` invocation:\n\n\nUnique constraint failed on the constraint: `name`","target":"category.create","timestamp":"2025-09-27T09:54:13.351Z"}
{"level":"error","message":"\nInvalid `prisma.category.create()` invocation:\n\n\nUnique constraint failed on the constraint: `name`","timestamp":"2025-09-27T09:54:13.352Z"}
{"level":"error","message":"\nInvalid `prisma.category.update()` invocation:\n\n\nUnique constraint failed on the constraint: `category_id`","target":"category.update","timestamp":"2025-09-27T10:04:32.794Z"}
{"level":"error","message":"\nInvalid `prisma.category.update()` invocation:\n\n\nUnique constraint failed on the constraint: `category_id`","timestamp":"2025-09-27T10:04:32.795Z"}
{"level":"error","message":"\nInvalid `prisma.category.update()` invocation:\n\n\nUnique constraint failed on the constraint: `name`","target":"category.update","timestamp":"2025-09-27T10:04:41.452Z"}
{"level":"error","message":"\nInvalid `prisma.category.update()` invocation:\n\n\nUnique constraint failed on the constraint: `name`","timestamp":"2025-09-27T10:04:41.453Z"}
{"level":"error","message":"\nInvalid `prisma.category.create()` invocation:\n\n\nUnique constraint failed on the constraint: `category_id`","target":"category.create","timestamp":"2025-09-27T10:05:22.289Z"}
{"level":"error","message":"\nInvalid `prisma.category.create()` invocation:\n\n\nUnique constraint failed on the constraint: `category_id`","timestamp":"2025-09-27T10:05:22.290Z"}
{"level":"error","message":"\nInvalid `prisma.category.create()` invocation:\n\n\nUnique constraint failed on the constraint: `category_id`","target":"category.create","timestamp":"2025-09-27T10:05:23.490Z"}
{"level":"error","message":"\nInvalid `prisma.category.create()` invocation:\n\n\nUnique constraint failed on the constraint: `category_id`","timestamp":"2025-09-27T10:05:23.491Z"}
{"level":"error","message":"\nInvalid `prisma.category.create()` invocation:\n\n\nUnique constraint failed on the constraint: `category_id`","target":"category.create","timestamp":"2025-09-27T10:05:23.675Z"}
{"level":"error","message":"\nInvalid `prisma.category.create()` invocation:\n\n\nUnique constraint failed on the constraint: `category_id`","timestamp":"2025-09-27T10:05:23.676Z"}
{"level":"error","message":"\nInvalid `prisma.category.create()` invocation:\n\n\nUnique constraint failed on the constraint: `category_id`","target":"category.create","timestamp":"2025-09-27T10:05:23.860Z"}
{"level":"error","message":"\nInvalid `prisma.category.create()` invocation:\n\n\nUnique constraint failed on the constraint: `category_id`","timestamp":"2025-09-27T10:05:23.860Z"}
{"level":"error","message":"\nInvalid `prisma.category.create()` invocation:\n\n\nUnique constraint failed on the constraint: `category_id`","target":"category.create","timestamp":"2025-09-27T10:05:24.026Z"}
{"level":"error","message":"\nInvalid `prisma.category.create()` invocation:\n\n\nUnique constraint failed on the constraint: `category_id`","timestamp":"2025-09-27T10:05:24.027Z"}
{"level":"error","message":"\nInvalid `prisma.category.create()` invocation:\n\n\nUnique constraint failed on the constraint: `category_id`","target":"category.create","timestamp":"2025-09-27T10:05:24.195Z"}
{"level":"error","message":"\nInvalid `prisma.category.create()` invocation:\n\n\nUnique constraint failed on the constraint: `category_id`","timestamp":"2025-09-27T10:05:24.195Z"}
{"level":"error","message":"\nInvalid `prisma.category.create()` invocation:\n\n\nUnique constraint failed on the constraint: `category_id`","target":"category.create","timestamp":"2025-09-27T10:05:24.371Z"}
{"level":"error","message":"\nInvalid `prisma.category.create()` invocation:\n\n\nUnique constraint failed on the constraint: `category_id`","timestamp":"2025-09-27T10:05:24.372Z"}
{"level":"error","message":"\nInvalid `prisma.category.create()` invocation:\n\n\nUnique constraint failed on the constraint: `category_id`","target":"category.create","timestamp":"2025-09-27T10:05:24.531Z"}
{"level":"error","message":"\nInvalid `prisma.category.create()` invocation:\n\n\nUnique constraint failed on the constraint: `category_id`","timestamp":"2025-09-27T10:05:24.532Z"}
{"level":"error","message":"\nInvalid `prisma.category.create()` invocation:\n\n\nUnique constraint failed on the constraint: `category_id`","target":"category.create","timestamp":"2025-09-27T10:05:24.708Z"}
{"level":"error","message":"\nInvalid `prisma.category.create()` invocation:\n\n\nUnique constraint failed on the constraint: `category_id`","timestamp":"2025-09-27T10:05:24.708Z"}
{"level":"error","message":"\nInvalid `prisma.category.create()` invocation:\n\n\nUnique constraint failed on the constraint: `category_id`","target":"category.create","timestamp":"2025-09-27T10:05:24.875Z"}
{"level":"error","message":"\nInvalid `prisma.category.create()` invocation:\n\n\nUnique constraint failed on the constraint: `category_id`","timestamp":"2025-09-27T10:05:24.876Z"}
{"level":"error","message":"\nInvalid `prisma.category.create()` invocation:\n\n\nUnique constraint failed on the constraint: `category_id`","target":"category.create","timestamp":"2025-09-27T10:05:25.027Z"}
{"level":"error","message":"\nInvalid `prisma.category.create()` invocation:\n\n\nUnique constraint failed on the constraint: `category_id`","timestamp":"2025-09-27T10:05:25.028Z"}
{"level":"error","message":"\nInvalid `prisma.category.create()` invocation:\n\n\nUnique constraint failed on the constraint: `category_id`","target":"category.create","timestamp":"2025-09-27T10:05:25.203Z"}
{"level":"error","message":"\nInvalid `prisma.category.create()` invocation:\n\n\nUnique constraint failed on the constraint: `category_id`","timestamp":"2025-09-27T10:05:25.204Z"}
{"level":"error","message":"\nInvalid `prisma.category.create()` invocation:\n\n\nUnique constraint failed on the constraint: `category_id`","target":"category.create","timestamp":"2025-09-27T10:05:25.371Z"}
{"level":"error","message":"\nInvalid `prisma.category.create()` invocation:\n\n\nUnique constraint failed on the constraint: `category_id`","timestamp":"2025-09-27T10:05:25.371Z"}
{"level":"error","message":"\nInvalid `prisma.category.create()` invocation:\n\n\nUnique constraint failed on the constraint: `category_id`","target":"category.create","timestamp":"2025-09-27T10:05:25.547Z"}
{"level":"error","message":"\nInvalid `prisma.category.create()` invocation:\n\n\nUnique constraint failed on the constraint: `category_id`","timestamp":"2025-09-27T10:05:25.548Z"}
{"level":"error","message":"\nInvalid `prisma.category.create()` invocation:\n\n\nUnique constraint failed on the constraint: `category_id`","target":"category.create","timestamp":"2025-09-27T10:17:32.268Z"}
{"level":"error","message":"\nInvalid `prisma.category.create()` invocation:\n\n\nUnique constraint failed on the constraint: `category_id`","timestamp":"2025-09-27T10:17:32.269Z"}
{"level":"error","message":"\nInvalid `prisma.category.create()` invocation:\n\n\nUnique constraint failed on the constraint: `name`","target":"category.create","timestamp":"2025-09-27T10:20:52.675Z"}
{"level":"error","message":"\nInvalid `prisma.category.create()` invocation:\n\n\nUnique constraint failed on the constraint: `name`","timestamp":"2025-09-27T10:20:52.675Z"}
{"level":"error","message":"\nInvalid `prisma.category.create()` invocation:\n\n\nUnique constraint failed on the constraint: `name`","target":"category.create","timestamp":"2025-09-27T10:20:56.583Z"}
{"level":"error","message":"\nInvalid `prisma.category.create()` invocation:\n\n\nUnique constraint failed on the constraint: `name`","timestamp":"2025-09-27T10:20:56.584Z"}
{"level":"error","message":"\nInvalid `prisma.category.findUnique()` invocation:\n\n{\n  where: {\n    id: undefined,\n?   name?: String,\n?   category_id?: String,\n?   AND?: categoryWhereInput | categoryWhereInput[],\n?   OR?: categoryWhereInput[],\n?   NOT?: categoryWhereInput | categoryWhereInput[],\n?   create_at?: DateTimeFilter | DateTime,\n?   update_at?: DateTimeFilter | DateTime,\n?   materials?: MaterialsListRelationFilter\n  }\n}\n\nArgument `where` of type categoryWhereUniqueInput needs at least one of `id`, `name` or `category_id` arguments. Available options are marked with ?.","target":"category.findUnique","timestamp":"2025-09-27T12:40:13.298Z"}
{"level":"error","message":"\nInvalid `prisma.category.findUnique()` invocation:\n\n{\n  where: {\n    id: undefined,\n?   name?: String,\n?   category_id?: String,\n?   AND?: categoryWhereInput | categoryWhereInput[],\n?   OR?: categoryWhereInput[],\n?   NOT?: categoryWhereInput | categoryWhereInput[],\n?   create_at?: DateTimeFilter | DateTime,\n?   update_at?: DateTimeFilter | DateTime,\n?   materials?: MaterialsListRelationFilter\n  }\n}\n\nArgument `where` of type categoryWhereUniqueInput needs at least one of `id`, `name` or `category_id` arguments. Available options are marked with ?.","timestamp":"2025-09-27T12:40:13.301Z"}
{"code":"ENOENT","errno":-4058,"level":"error","path":"E:\\public\\assets\\img\\qr\\9687859c-598f-4d0e-9bfe-deb1c45de627.png","syscall":"open","timestamp":"2025-09-27T13:04:31.249Z"}
{"level":"error","message":"Invalid or unexpected token in E:\\monitoring-stok-gudang\\public\\views\\materials.html while compiling ejs\n\nIf the above error is not helpful, you may want to try EJS-Lint:\nhttps://github.com/RyanZim/EJS-Lint\nOr, if you meant to create an async function, pass `async: true` as an option.","timestamp":"2025-09-27T13:15:10.593Z"}
{"level":"error","message":"\nInvalid `prisma.category.delete()` invocation:\n\n\nForeign key constraint violated on the fields: (`category_id`)","target":"category.delete","timestamp":"2025-09-27T13:26:15.421Z"}
{"level":"error","message":"\nInvalid `prisma.category.delete()` invocation:\n\n\nForeign key constraint violated on the fields: (`category_id`)","timestamp":"2025-09-27T13:26:15.423Z"}
{"level":"error","message":"Failed to lookup view \"materials_id\" in views directory \"public\\views\"","timestamp":"2025-09-27T13:47:59.011Z"}
{"level":"error","message":"Failed to lookup view \"materials_id\" in views directory \"public\\views\"","timestamp":"2025-09-27T13:49:15.247Z"}
{"level":"error","message":"E:\\monitoring-stok-gudang\\public\\views\\materials_id.html:74\n    72|                     >\r\n    73|                       <option>Pilih Kategori</option>\r\n >> 74|                       <% data.kategori.forEach(e => {%>\r\n    75|                       <option value=\"<%= e.id %>\">\r\n    76|                         <%= e.category_id %> - <%= e.name %>\r\n    77|                       </option>\r\n\nCannot read properties of undefined (reading 'forEach')","timestamp":"2025-09-27T13:50:10.944Z"}
{"level":"error","message":"\nInvalid `prisma.users.create()` invocation:\n\n\nUnique constraint failed on the constraint: `id_karyawan`","target":"users.create","timestamp":"2025-09-27T14:28:21.549Z"}
{"level":"error","message":"\nInvalid `prisma.users.create()` invocation:\n\n\nUnique constraint failed on the constraint: `id_karyawan`","timestamp":"2025-09-27T14:28:21.550Z"}
{"level":"error","message":"\nInvalid `prisma.category.delete()` invocation:\n\n\nForeign key constraint violated on the fields: (`category_id`)","target":"category.delete","timestamp":"2025-09-28T06:00:53.044Z"}
{"level":"error","message":"\nInvalid `prisma.category.delete()` invocation:\n\n\nForeign key constraint violated on the fields: (`category_id`)","timestamp":"2025-09-28T06:00:53.045Z"}
{"level":"error","message":"\nInvalid `prisma.category.delete()` invocation:\n\n\nForeign key constraint violated on the fields: (`category_id`)","target":"category.delete","timestamp":"2025-09-28T06:00:56.301Z"}
{"level":"error","message":"\nInvalid `prisma.category.delete()` invocation:\n\n\nForeign key constraint violated on the fields: (`category_id`)","timestamp":"2025-09-28T06:00:56.302Z"}
