{"level":"error","message":"\nInvalid `prisma.users.create()` invocation:\n\n\nUnique constraint failed on the constraint: `sap_id`","target":"users.create","timestamp":"2025-09-30T15:04:43.568Z"}
{"level":"error","message":"\nInvalid `prisma.users.create()` invocation:\n\n\nUnique constraint failed on the constraint: `sap_id`","timestamp":"2025-09-30T15:04:43.569Z"}
{"level":"error","message":"\nInvalid `prisma.users.create()` invocation:\n\n\nUnique constraint failed on the constraint: `sap_id`","target":"users.create","timestamp":"2025-09-30T15:04:52.214Z"}
{"level":"error","message":"\nInvalid `prisma.users.create()` invocation:\n\n\nUnique constraint failed on the constraint: `sap_id`","timestamp":"2025-09-30T15:04:52.216Z"}
{"level":"error","message":"\nInvalid `prisma.users.create()` invocation:\n\n\nUnique constraint failed on the constraint: `sap_id`","target":"users.create","timestamp":"2025-09-30T15:06:17.321Z"}
{"level":"error","message":"\nInvalid `prisma.users.create()` invocation:\n\n\nUnique constraint failed on the constraint: `sap_id`","timestamp":"2025-09-30T15:06:17.322Z"}
{"level":"error","message":"\nInvalid `prisma.users.create()` invocation:\n\n\nUnique constraint failed on the constraint: `sap_id`","target":"users.create","timestamp":"2025-09-30T15:08:25.885Z"}
{"level":"error","message":"\nInvalid `prisma.users.create()` invocation:\n\n\nUnique constraint failed on the constraint: `sap_id`","timestamp":"2025-09-30T15:08:25.886Z"}
{"level":"error","message":"\nInvalid `prisma.users.create()` invocation:\n\n\nUnique constraint failed on the constraint: `sap_id`","target":"users.create","timestamp":"2025-09-30T15:08:36.459Z"}
{"level":"error","message":"\nInvalid `prisma.users.create()` invocation:\n\n\nUnique constraint failed on the constraint: `sap_id`","timestamp":"2025-09-30T15:08:36.461Z"}
{"level":"error","message":"\nInvalid `prisma.materials.findMany()` invocation:\n\n\nThe column `inventory.materials.valution_class_id` does not exist in the current database.","target":"materials.findMany","timestamp":"2025-09-30T15:09:19.451Z"}
{"level":"error","message":"\nInvalid `prisma.materials.findMany()` invocation:\n\n\nThe column `inventory.materials.valution_class_id` does not exist in the current database.","timestamp":"2025-09-30T15:09:19.451Z"}
{"level":"error","message":"\nInvalid `prisma.category.create()` invocation:\n\n{\n  data: {\n    valution_description: \"ABC\",\n    valution_class_id: \"1234\",\n    id: \"8d7ac0d9-5b9d-4fd3-bf6c-8e000862536b\",\n+   name: String\n  }\n}\n\nArgument `name` is missing.","target":"category.create","timestamp":"2025-09-30T15:23:00.506Z"}
{"level":"error","message":"\nInvalid `prisma.category.create()` invocation:\n\n{\n  data: {\n    valution_description: \"ABC\",\n    valution_class_id: \"1234\",\n    id: \"8d7ac0d9-5b9d-4fd3-bf6c-8e000862536b\",\n+   name: String\n  }\n}\n\nArgument `name` is missing.","timestamp":"2025-09-30T15:23:00.507Z"}
{"level":"error","message":"\nInvalid `prisma.category.create()` invocation:\n\n{\n  data: {\n    valution_description: \"ABC\",\n    valution_class_id: \"1234\",\n    id: \"257f74e2-2bf9-44fc-b83c-7760d025acfa\",\n+   name: String\n  }\n}\n\nArgument `name` is missing.","target":"category.create","timestamp":"2025-09-30T15:23:22.687Z"}
{"level":"error","message":"\nInvalid `prisma.category.create()` invocation:\n\n{\n  data: {\n    valution_description: \"ABC\",\n    valution_class_id: \"1234\",\n    id: \"257f74e2-2bf9-44fc-b83c-7760d025acfa\",\n+   name: String\n  }\n}\n\nArgument `name` is missing.","timestamp":"2025-09-30T15:23:22.688Z"}
{"level":"error","message":"ApiError is not defined","timestamp":"2025-09-30T15:54:05.617Z"}
{"level":"error","message":"\nInvalid `prisma.materials.findMany()` invocation:\n\n\nThe column `inventory.materials.valution_class_id` does not exist in the current database.","target":"materials.findMany","timestamp":"2025-09-30T15:56:21.633Z"}
{"level":"error","message":"\nInvalid `prisma.materials.findMany()` invocation:\n\n\nThe column `inventory.materials.valution_class_id` does not exist in the current database.","timestamp":"2025-09-30T15:56:21.635Z"}
{"level":"error","message":"\nInvalid `prisma.materials.findMany()` invocation:\n\n\nThe column `inventory.materials.valution_class_id` does not exist in the current database.","target":"materials.findMany","timestamp":"2025-09-30T15:56:41.632Z"}
{"level":"error","message":"\nInvalid `prisma.materials.findMany()` invocation:\n\n\nThe column `inventory.materials.valution_class_id` does not exist in the current database.","timestamp":"2025-09-30T15:56:41.635Z"}
{"level":"error","message":"\nInvalid `prisma.materials.findMany()` invocation:\n\n\nThe column `inventory.materials.valution_class_id` does not exist in the current database.","target":"materials.findMany","timestamp":"2025-09-30T15:56:42.392Z"}
{"level":"error","message":"\nInvalid `prisma.materials.findMany()` invocation:\n\n\nThe column `inventory.materials.valution_class_id` does not exist in the current database.","timestamp":"2025-09-30T15:56:42.392Z"}
{"level":"error","message":"\nInvalid `prisma.materials.findMany()` invocation:\n\n\nThe column `inventory.materials.valution_class_id` does not exist in the current database.","target":"materials.findMany","timestamp":"2025-09-30T15:58:51.125Z"}
{"level":"error","message":"\nInvalid `prisma.materials.findMany()` invocation:\n\n\nThe column `inventory.materials.valution_class_id` does not exist in the current database.","timestamp":"2025-09-30T15:58:51.128Z"}
{"level":"error","message":"\nInvalid `prisma.materials.findMany()` invocation:\n\n\nThe column `inventory.materials.valution_class_id` does not exist in the current database.","target":"materials.findMany","timestamp":"2025-09-30T15:58:51.779Z"}
{"level":"error","message":"\nInvalid `prisma.materials.findMany()` invocation:\n\n\nThe column `inventory.materials.valution_class_id` does not exist in the current database.","timestamp":"2025-09-30T15:58:51.780Z"}
{"level":"error","message":"\nInvalid `prisma.materials.findMany()` invocation:\n\n\nThe column `inventory.materials.valution_class_id` does not exist in the current database.","target":"materials.findMany","timestamp":"2025-09-30T16:06:07.126Z"}
{"level":"error","message":"\nInvalid `prisma.materials.findMany()` invocation:\n\n\nThe column `inventory.materials.valution_class_id` does not exist in the current database.","timestamp":"2025-09-30T16:06:07.130Z"}
{"level":"error","message":"\nInvalid `prisma.materials.findMany()` invocation:\n\n\nThe column `inventory.materials.valution_class_id` does not exist in the current database.","target":"materials.findMany","timestamp":"2025-09-30T16:06:46.167Z"}
{"level":"error","message":"\nInvalid `prisma.materials.findMany()` invocation:\n\n\nThe column `inventory.materials.valution_class_id` does not exist in the current database.","timestamp":"2025-09-30T16:06:46.169Z"}
{"level":"error","message":"\nInvalid `prisma.materials.findMany()` invocation:\n\n\nThe column `inventory.materials.valution_class_id` does not exist in the current database.","target":"materials.findMany","timestamp":"2025-09-30T16:06:47.039Z"}
{"level":"error","message":"\nInvalid `prisma.materials.findMany()` invocation:\n\n\nThe column `inventory.materials.valution_class_id` does not exist in the current database.","timestamp":"2025-09-30T16:06:47.040Z"}
{"level":"error","message":"\nInvalid `prisma.materials.findMany()` invocation:\n\n\nThe column `inventory.materials.valution_class_id` does not exist in the current database.","target":"materials.findMany","timestamp":"2025-09-30T16:07:12.794Z"}
{"level":"error","message":"\nInvalid `prisma.materials.findMany()` invocation:\n\n\nThe column `inventory.materials.valution_class_id` does not exist in the current database.","timestamp":"2025-09-30T16:07:12.797Z"}
{"level":"error","message":"\nInvalid `prisma.materials.findMany()` invocation:\n\n\nThe column `inventory.materials.valution_class_id` does not exist in the current database.","target":"materials.findMany","timestamp":"2025-09-30T16:07:13.546Z"}
{"level":"error","message":"\nInvalid `prisma.materials.findMany()` invocation:\n\n\nThe column `inventory.materials.valution_class_id` does not exist in the current database.","timestamp":"2025-09-30T16:07:13.549Z"}
{"level":"error","message":"\nInvalid `prisma.materials.create()` invocation:\n\n{\n  data: {\n    material_description: \"ayam\",\n    category_id: \"d175e705-af5c-48dd-9dbe-5463bd191003\",\n    valuation_class_id: \"34d90fd0-7930-40f5-872d-5fcf300c35bf\",\n    material_id: \"123\",\n    satuan: \"kg\",\n    location: \"jakarta\",\n    id: \"11a95898-dee2-4d57-b763-5ad55ea7ee72\",\n    jumlah: 0,\n    barcode: \"/img/qr/11a95898-dee2-4d57-b763-5ad55ea7ee72.png\",\n+   jumlah_stok_fisik: Float\n  }\n}\n\nArgument `jumlah_stok_fisik` is missing.","target":"materials.create","timestamp":"2025-09-30T16:37:21.930Z"}
{"level":"error","message":"\nInvalid `prisma.materials.create()` invocation:\n\n{\n  data: {\n    material_description: \"ayam\",\n    category_id: \"d175e705-af5c-48dd-9dbe-5463bd191003\",\n    valuation_class_id: \"34d90fd0-7930-40f5-872d-5fcf300c35bf\",\n    material_id: \"123\",\n    satuan: \"kg\",\n    location: \"jakarta\",\n    id: \"11a95898-dee2-4d57-b763-5ad55ea7ee72\",\n    jumlah: 0,\n    barcode: \"/img/qr/11a95898-dee2-4d57-b763-5ad55ea7ee72.png\",\n+   jumlah_stok_fisik: Float\n  }\n}\n\nArgument `jumlah_stok_fisik` is missing.","timestamp":"2025-09-30T16:37:21.931Z"}
{"level":"error","message":"\nInvalid `prisma.valuation_class.create()` invocation:\n\n\nUnique constraint failed on the constraint: `valution_class_id`","target":"valuation_class.create","timestamp":"2025-09-30T17:51:52.774Z"}
{"level":"error","message":"\nInvalid `prisma.valuation_class.create()` invocation:\n\n\nUnique constraint failed on the constraint: `valution_class_id`","timestamp":"2025-09-30T17:51:52.775Z"}
{"level":"error","message":"E:\\monitoring-stok-gudang\\public\\views\\materials_id.html:156\n    154|                       name=\"location_edit\"\r\n    155|                       placeholder=\"Masukkan Lokasi\"\r\n >> 156|                       value=\"<% e.location %>\"\r\n    157|                     />\r\n    158|                   </div>\r\n    159|                       </div>\r\n\ne is not defined","timestamp":"2025-09-30T18:28:22.756Z"}
{"level":"error","message":"E:\\monitoring-stok-gudang\\public\\views\\materials_id.html:218\n    216|             const data = {\r\n    217|               jumlah_stok_fisik: e.target.jumlah_stok_fisik_edit.value,\r\n >> 218|               id: \"<%=e.id%>\",\r\n    219|               location: e.target.location.value\r\n    220|             };\r\n    221| \r\n\ne is not defined","timestamp":"2025-09-30T18:52:55.596Z"}
{"level":"error","message":"\nInvalid `prisma.materials.delete()` invocation:\n\n\nForeign key constraint violated on the fields: (`materials_id`)","target":"materials.delete","timestamp":"2025-09-30T19:22:58.507Z"}
{"level":"error","message":"\nInvalid `prisma.materials.delete()` invocation:\n\n\nForeign key constraint violated on the fields: (`materials_id`)","timestamp":"2025-09-30T19:22:58.509Z"}
{"level":"error","message":"\nInvalid `prisma.materials.delete()` invocation:\n\n\nForeign key constraint violated on the fields: (`materials_id`)","target":"materials.delete","timestamp":"2025-09-30T19:23:04.982Z"}
{"level":"error","message":"\nInvalid `prisma.materials.delete()` invocation:\n\n\nForeign key constraint violated on the fields: (`materials_id`)","timestamp":"2025-09-30T19:23:04.983Z"}
{"level":"error","message":"\nInvalid `prisma.materials.delete()` invocation:\n\n\nForeign key constraint violated on the fields: (`materials_id`)","target":"materials.delete","timestamp":"2025-09-30T19:31:31.410Z"}
{"level":"error","message":"\nInvalid `prisma.materials.delete()` invocation:\n\n\nForeign key constraint violated on the fields: (`materials_id`)","timestamp":"2025-09-30T19:31:31.411Z"}
{"level":"error","message":"\nInvalid `prisma.materials.delete()` invocation:\n\n\nForeign key constraint violated on the fields: (`materials_id`)","target":"materials.delete","timestamp":"2025-09-30T19:31:34.187Z"}
{"level":"error","message":"\nInvalid `prisma.materials.delete()` invocation:\n\n\nForeign key constraint violated on the fields: (`materials_id`)","timestamp":"2025-09-30T19:31:34.187Z"}
